<?xml version="1.0" encoding="UTF-8"?>
<testsuite name="com.zhangke.atom.metadata.AtomContentTest" tests="1" skipped="0" failures="0" errors="0" timestamp="2023-02-05T15:16:21" hostname="ZhangKes-MBP.local" time="0.014">
  <properties/>
  <testcase name="testTextContent()" classname="com.zhangke.atom.metadata.AtomContentTest" time="0.014"/>
  <system-out><![CDATA[]]></system-out>
  <system-err><![CDATA[]]></system-err>
</testsuite>
